<?xml version="1.0" encoding="utf-8"?><testsuites name="pytest tests"><testsuite name="pytest" errors="0" failures="0" skipped="0" tests="23" time="3.074" timestamp="2026-01-16T22:08:17.352151+00:00" hostname="agent-env-683eef66-6c7c-4620-be0c-ef84e1095864"><testcase classname="tests.test_faz5_products.TestCategoryCRUD" name="test_get_categories_requires_auth" time="0.071" /><testcase classname="tests.test_faz5_products.TestCategoryCRUD" name="test_get_categories_success" time="0.339" /><testcase classname="tests.test_faz5_products.TestCategoryCRUD" name="test_create_category_success" time="0.073" /><testcase classname="tests.test_faz5_products.TestCategoryCRUD" name="test_create_duplicate_category_fails" time="0.147" /><testcase classname="tests.test_faz5_products.TestCategoryCRUD" name="test_update_category_success" time="0.109" /><testcase classname="tests.test_faz5_products.TestCategoryCRUD" name="test_delete_category_success" time="0.126" /><testcase classname="tests.test_faz5_products.TestProductCRUD" name="test_get_products_requires_auth" time="0.039" /><testcase classname="tests.test_faz5_products.TestProductCRUD" name="test_get_products_success" time="0.336" /><testcase classname="tests.test_faz5_products.TestProductCRUD" name="test_create_product_success" time="0.104" /><testcase classname="tests.test_faz5_products.TestProductCRUD" name="test_product_code_unique_validation" time="0.110" /><testcase classname="tests.test_faz5_products.TestProductCRUD" name="test_get_product_by_id" time="0.100" /><testcase classname="tests.test_faz5_products.TestProductCRUD" name="test_update_product_success" time="0.148" /><testcase classname="tests.test_faz5_products.TestProductCRUD" name="test_delete_product_success" time="0.187" /><testcase classname="tests.test_faz5_products.TestProductFiltering" name="test_products_pagination" time="0.327" /><testcase classname="tests.test_faz5_products.TestProductFiltering" name="test_products_search_filter" time="0.105" /><testcase classname="tests.test_faz5_products.TestProductFiltering" name="test_products_category_filter" time="0.183" /><testcase classname="tests.test_faz5_products.TestRegressionFAZ1to4" name="test_customers_endpoint_works" time="0.286" /><testcase classname="tests.test_faz5_products.TestRegressionFAZ1to4" name="test_regions_endpoint_works" time="0.033" /><testcase classname="tests.test_faz5_products.TestRegressionFAZ1to4" name="test_visits_endpoint_works" time="0.034" /><testcase classname="tests.test_faz5_products.TestRegressionFAZ1to4" name="test_follow_ups_endpoint_works" time="0.032" /><testcase classname="tests.test_faz5_products.TestRegressionFAZ1to4" name="test_analytics_endpoint_works" time="0.035" /><testcase classname="tests.test_faz5_products.TestRegressionFAZ1to4" name="test_vehicles_endpoint_works" time="0.031" /><testcase classname="tests.test_faz5_products.TestRegressionFAZ1to4" name="test_auth_me_endpoint_works" time="0.031" /></testsuite></testsuites>