<?xml version="1.0" encoding="utf-8"?><testsuites name="pytest tests"><testsuite name="pytest" errors="0" failures="0" skipped="0" tests="28" time="9.710" timestamp="2026-01-16T21:06:44.647964+00:00" hostname="agent-env-683eef66-6c7c-4620-be0c-ef84e1095864"><testcase classname="tests.test_data_isolation.TestAuthentication" name="test_user1_login" time="0.295" /><testcase classname="tests.test_data_isolation.TestAuthentication" name="test_user2_login" time="0.257" /><testcase classname="tests.test_data_isolation.TestAuthentication" name="test_invalid_login" time="0.038" /><testcase classname="tests.test_data_isolation.TestCustomerIsolation" name="test_user1_customers_count" time="0.295" /><testcase classname="tests.test_data_isolation.TestCustomerIsolation" name="test_user2_customers_count" time="0.296" /><testcase classname="tests.test_data_isolation.TestCustomerIsolation" name="test_customer_isolation_different_counts" time="0.578" /><testcase classname="tests.test_data_isolation.TestCustomerIsolation" name="test_user1_cannot_access_user2_customer" time="0.578" /><testcase classname="tests.test_data_isolation.TestCustomerIsolation" name="test_create_customer_assigned_to_user" time="0.690" /><testcase classname="tests.test_data_isolation.TestRegionIsolation" name="test_user1_regions" time="0.290" /><testcase classname="tests.test_data_isolation.TestRegionIsolation" name="test_user2_regions" time="0.287" /><testcase classname="tests.test_data_isolation.TestRegionIsolation" name="test_region_isolation" time="0.589" /><testcase classname="tests.test_data_isolation.TestVisitIsolation" name="test_user1_visits" time="0.290" /><testcase classname="tests.test_data_isolation.TestVisitIsolation" name="test_user2_visits" time="0.300" /><testcase classname="tests.test_data_isolation.TestVisitIsolation" name="test_visit_isolation" time="0.600" /><testcase classname="tests.test_data_isolation.TestFollowUpIsolation" name="test_user1_followups" time="0.289" /><testcase classname="tests.test_data_isolation.TestFollowUpIsolation" name="test_user2_followups" time="0.293" /><testcase classname="tests.test_data_isolation.TestFollowUpIsolation" name="test_followup_isolation" time="0.585" /><testcase classname="tests.test_data_isolation.TestVehicleIsolation" name="test_user1_vehicles" time="0.330" /><testcase classname="tests.test_data_isolation.TestVehicleIsolation" name="test_user2_vehicles" time="0.295" /><testcase classname="tests.test_data_isolation.TestVehicleIsolation" name="test_vehicle_isolation" time="0.661" /><testcase classname="tests.test_data_isolation.TestUnauthorizedAccess" name="test_customers_requires_auth" time="0.030" /><testcase classname="tests.test_data_isolation.TestUnauthorizedAccess" name="test_regions_requires_auth" time="0.035" /><testcase classname="tests.test_data_isolation.TestUnauthorizedAccess" name="test_visits_requires_auth" time="0.030" /><testcase classname="tests.test_data_isolation.TestUnauthorizedAccess" name="test_followups_requires_auth" time="0.033" /><testcase classname="tests.test_data_isolation.TestUnauthorizedAccess" name="test_vehicles_requires_auth" time="0.036" /><testcase classname="tests.test_data_isolation.TestCRUDIsolation" name="test_update_customer_isolation" time="0.583" /><testcase classname="tests.test_data_isolation.TestCRUDIsolation" name="test_delete_customer_isolation" time="0.586" /><testcase classname="tests.test_data_isolation.TestPDFReportIsolation" name="test_pdf_report_generation" time="0.419" /></testsuite></testsuites>