<?xml version="1.0" encoding="utf-8"?><testsuites name="pytest tests"><testsuite name="pytest" errors="0" failures="0" skipped="0" tests="7" time="2.385" timestamp="2026-01-16T21:37:17.083216+00:00" hostname="agent-env-683eef66-6c7c-4620-be0c-ef84e1095864"><testcase classname="tests.test_period_report.TestPeriodReportPDF" name="test_login_success" time="0.290" /><testcase classname="tests.test_period_report.TestPeriodReportPDF" name="test_weekly_period_report_pdf" time="0.396" /><testcase classname="tests.test_period_report.TestPeriodReportPDF" name="test_monthly_period_report_pdf" time="0.392" /><testcase classname="tests.test_period_report.TestPeriodReportPDF" name="test_period_report_requires_auth" time="0.290" /><testcase classname="tests.test_period_report.TestPeriodReportPDF" name="test_invalid_period_type" time="0.347" /><testcase classname="tests.test_period_report.TestPerformanceAnalytics" name="test_weekly_analytics" time="0.308" /><testcase classname="tests.test_period_report.TestPerformanceAnalytics" name="test_monthly_analytics" time="0.270" /></testsuite></testsuites>