<?xml version="1.0" encoding="utf-8"?><testsuites name="pytest tests"><testsuite name="pytest" errors="0" failures="0" skipped="0" tests="9" time="6.659" timestamp="2026-01-16T21:29:03.106778+00:00" hostname="agent-env-683eef66-6c7c-4620-be0c-ef84e1095864"><testcase classname="tests.test_visit_status.TestAuth" name="test_login_success" time="0.297" /><testcase classname="tests.test_visit_status.TestVisitStatus" name="test_get_customers" time="0.297" /><testcase classname="tests.test_visit_status.TestVisitStatus" name="test_create_visit_with_pending_status" time="0.328" /><testcase classname="tests.test_visit_status.TestVisitStatus" name="test_update_visit_to_visited" time="0.350" /><testcase classname="tests.test_visit_status.TestVisitStatus" name="test_update_visit_to_not_visited_requires_reason" time="0.369" /><testcase classname="tests.test_visit_status.TestVisitStatus" name="test_visit_status_clears_payment_on_not_visited" time="0.441" /><testcase classname="tests.test_visit_status.TestVisitStatus" name="test_get_visits_with_status" time="3.714" /><testcase classname="tests.test_visit_status.TestPDFReport" name="test_pdf_report_download" time="0.406" /><testcase classname="tests.test_visit_status.TestTodayCustomers" name="test_get_today_customers" time="0.370" /></testsuite></testsuites>